Not Found: /login
Bad Request: /accounts/login/
Bad Request: /accounts/login/
Not Found: /profile
Not Found: /favicon.ico
Not Found: /settings
Not Found: /profile
Not Found: /favicon.ico
Not Found: /logout/
Bad Request: /accounts/login/
Not Found: /logout/
Bad Request: /accounts/login/
Bad Request: /accounts/login/
Bad Request: /accounts/login/
Bad Request: /accounts/login/
Bad Request: /accounts/login/
Bad Request: /accounts/login/
2025-08-14 10:19:45 ERROR django.request log log_response 253 Internal Server Error: /accounts/login/
2025-08-14 10:26:54 WARNING django.request log log_response 253 Bad Request: /accounts/login/
2025-08-14 10:41:17 WARNING django.request log log_response 253 Bad Request: /accounts/login/
2025-08-14 10:43:31 WARNING django.request log log_response 253 Bad Request: /accounts/login/
2025-08-14 10:56:20 WARNING django.request log log_response 253 Bad Request: /accounts/login/
2025-08-14 10:56:32 WARNING django.request log log_response 253 Bad Request: /accounts/login/
2025-08-14 11:01:59 WARNING django.request log log_response 253 Bad Request: /accounts/login/
2025-08-14 11:02:20 WARNING django.request log log_response 253 Bad Request: /accounts/login/
2025-08-14 11:04:16 WARNING django.request log log_response 253 Not Found: /logout/
2025-08-14 11:04:41 WARNING django.request log log_response 253 Not Found: /profile
2025-08-14 11:04:41 WARNING django.request log log_response 253 Not Found: /favicon.ico
2025-08-14 11:14:43 WARNING django.request log log_response 253 Not Found: /logout/
2025-08-14 11:24:20 WARNING django.request log log_response 253 Not Found: /logout/
2025-08-14 11:24:29 WARNING django.request log log_response 253 Bad Request: /accounts/login/
2025-08-14 11:27:49 WARNING django.request log log_response 253 Not Found: /profile
2025-08-14 11:27:49 WARNING django.request log log_response 253 Not Found: /favicon.ico
2025-08-14 11:59:55 WARNING django.request log log_response 253 Not Found: /logout/
2025-08-14 12:00:17 WARNING django.request log log_response 253 Not Found: /logout/
2025-08-14 12:00:22 WARNING django.request log log_response 253 Bad Request: /accounts/login/
2025-08-14 12:03:27 WARNING django.request log log_response 253 Not Found: /logout/
2025-08-14 12:03:44 WARNING django.request log log_response 253 Not Found: /logout/
2025-08-14 12:04:46 WARNING django.request log log_response 253 Not Found: /logout/
2025-08-14 12:06:16 WARNING django.request log log_response 253 Not Found: /logout/
2025-08-14 12:09:26 WARNING django.request log log_response 253 Bad Request: /accounts/login/
2025-08-14 12:09:37 WARNING django.request log log_response 253 Bad Request: /accounts/login/
2025-08-14 12:10:45 WARNING django.request log log_response 253 Bad Request: /accounts/login/
2025-08-14 12:10:49 WARNING django.request log log_response 253 Bad Request: /accounts/login/
2025-08-14 12:13:28 WARNING django.request log log_response 253 Bad Request: /accounts/login/
2025-08-14 12:18:28 WARNING django.request log log_response 253 Not Found: /logout/
2025-08-14 12:18:38 WARNING django.request log log_response 253 Not Found: /logout/
2025-08-14 13:28:12 WARNING django.request log log_response 253 Bad Request: /accounts/login/
2025-08-14 14:02:26 WARNING django.request log log_response 253 Not Found: /profile
2025-08-14 14:02:29 WARNING django.request log log_response 253 Not Found: /profile
2025-08-14 14:02:35 WARNING django.request log log_response 253 Not Found: /settings
2025-08-14 14:03:09 WARNING django.request log log_response 253 Not Found: /profile
2025-08-14 14:03:33 WARNING django.request log log_response 253 Not Found: /profile
2025-08-14 14:03:34 WARNING django.request log log_response 253 Not Found: /profile
2025-08-14 14:42:01 ERROR django.request log log_response 253 Internal Server Error: /accounts/audit/
Traceback (most recent call last):
  File "/mnt/e/projects/belstat/python/dictionaty_ai/frontend/venv/lib/python3.12/site-packages/django/core/handlers/exception.py", line 55, in inner
    response = get_response(request)
               ^^^^^^^^^^^^^^^^^^^^^
  File "/mnt/e/projects/belstat/python/dictionaty_ai/frontend/venv/lib/python3.12/site-packages/django/core/handlers/base.py", line 197, in _get_response
    response = wrapped_callback(request, *callback_args, **callback_kwargs)
               ^^^^^^^^^^^^^^^^^^^^^^^^^^^^^^^^^^^^^^^^^^^^^^^^^^^^^^^^^^^^
  File "/mnt/e/projects/belstat/python/dictionaty_ai/frontend/accounts/views.py", line 240, in audit_view
    return render(request, 'audit.html', context)
           ^^^^^^^^^^^^^^^^^^^^^^^^^^^^^^^^^^^^^^
  File "/mnt/e/projects/belstat/python/dictionaty_ai/frontend/venv/lib/python3.12/site-packages/django/shortcuts.py", line 25, in render
    content = loader.render_to_string(template_name, context, request, using=using)
              ^^^^^^^^^^^^^^^^^^^^^^^^^^^^^^^^^^^^^^^^^^^^^^^^^^^^^^^^^^^^^^^^^^^^^
  File "/mnt/e/projects/belstat/python/dictionaty_ai/frontend/venv/lib/python3.12/site-packages/django/template/loader.py", line 61, in render_to_string
    template = get_template(template_name, using=using)
               ^^^^^^^^^^^^^^^^^^^^^^^^^^^^^^^^^^^^^^^^
  File "/mnt/e/projects/belstat/python/dictionaty_ai/frontend/venv/lib/python3.12/site-packages/django/template/loader.py", line 15, in get_template
    return engine.get_template(template_name)
           ^^^^^^^^^^^^^^^^^^^^^^^^^^^^^^^^^^
  File "/mnt/e/projects/belstat/python/dictionaty_ai/frontend/venv/lib/python3.12/site-packages/django/template/backends/django.py", line 79, in get_template
    return Template(self.engine.get_template(template_name), self)
                    ^^^^^^^^^^^^^^^^^^^^^^^^^^^^^^^^^^^^^^^
  File "/mnt/e/projects/belstat/python/dictionaty_ai/frontend/venv/lib/python3.12/site-packages/django/template/engine.py", line 177, in get_template
    template, origin = self.find_template(template_name)
                       ^^^^^^^^^^^^^^^^^^^^^^^^^^^^^^^^^
  File "/mnt/e/projects/belstat/python/dictionaty_ai/frontend/venv/lib/python3.12/site-packages/django/template/engine.py", line 159, in find_template
    template = loader.get_template(name, skip=skip)
               ^^^^^^^^^^^^^^^^^^^^^^^^^^^^^^^^^^^^
  File "/mnt/e/projects/belstat/python/dictionaty_ai/frontend/venv/lib/python3.12/site-packages/django/template/loaders/cached.py", line 57, in get_template
    template = super().get_template(template_name, skip)
               ^^^^^^^^^^^^^^^^^^^^^^^^^^^^^^^^^^^^^^^^^
  File "/mnt/e/projects/belstat/python/dictionaty_ai/frontend/venv/lib/python3.12/site-packages/django/template/loaders/base.py", line 28, in get_template
    return Template(
           ^^^^^^^^^
  File "/mnt/e/projects/belstat/python/dictionaty_ai/frontend/venv/lib/python3.12/site-packages/django/template/base.py", line 154, in __init__
    self.nodelist = self.compile_nodelist()
                    ^^^^^^^^^^^^^^^^^^^^^^^
  File "/mnt/e/projects/belstat/python/dictionaty_ai/frontend/venv/lib/python3.12/site-packages/django/template/base.py", line 196, in compile_nodelist
    nodelist = parser.parse()
               ^^^^^^^^^^^^^^
  File "/mnt/e/projects/belstat/python/dictionaty_ai/frontend/venv/lib/python3.12/site-packages/django/template/base.py", line 518, in parse
    raise self.error(token, e)
  File "/mnt/e/projects/belstat/python/dictionaty_ai/frontend/venv/lib/python3.12/site-packages/django/template/base.py", line 516, in parse
    compiled_result = compile_func(self, token)
                      ^^^^^^^^^^^^^^^^^^^^^^^^^
  File "/mnt/e/projects/belstat/python/dictionaty_ai/frontend/venv/lib/python3.12/site-packages/django/template/loader_tags.py", line 299, in do_extends
    nodelist = parser.parse()
               ^^^^^^^^^^^^^^
  File "/mnt/e/projects/belstat/python/dictionaty_ai/frontend/venv/lib/python3.12/site-packages/django/template/base.py", line 518, in parse
    raise self.error(token, e)
  File "/mnt/e/projects/belstat/python/dictionaty_ai/frontend/venv/lib/python3.12/site-packages/django/template/base.py", line 516, in parse
    compiled_result = compile_func(self, token)
                      ^^^^^^^^^^^^^^^^^^^^^^^^^
  File "/mnt/e/projects/belstat/python/dictionaty_ai/frontend/venv/lib/python3.12/site-packages/django/template/loader_tags.py", line 234, in do_block
    nodelist = parser.parse(("endblock",))
               ^^^^^^^^^^^^^^^^^^^^^^^^^^^
  File "/mnt/e/projects/belstat/python/dictionaty_ai/frontend/venv/lib/python3.12/site-packages/django/template/base.py", line 518, in parse
    raise self.error(token, e)
  File "/mnt/e/projects/belstat/python/dictionaty_ai/frontend/venv/lib/python3.12/site-packages/django/template/base.py", line 516, in parse
    compiled_result = compile_func(self, token)
                      ^^^^^^^^^^^^^^^^^^^^^^^^^
  File "/mnt/e/projects/belstat/python/dictionaty_ai/frontend/venv/lib/python3.12/site-packages/django/template/defaulttags.py", line 861, in do_for
    sequence = parser.compile_filter(bits[in_index + 1])
               ^^^^^^^^^^^^^^^^^^^^^^^^^^^^^^^^^^^^^^^^^
  File "/mnt/e/projects/belstat/python/dictionaty_ai/frontend/venv/lib/python3.12/site-packages/django/template/base.py", line 609, in compile_filter
    return FilterExpression(token, self)
           ^^^^^^^^^^^^^^^^^^^^^^^^^^^^^
  File "/mnt/e/projects/belstat/python/dictionaty_ai/frontend/venv/lib/python3.12/site-packages/django/template/base.py", line 710, in __init__
    raise TemplateSyntaxError(
django.template.exceptions.TemplateSyntaxError: Could not parse the remainder: '.split(',')' from ''25,50,100,200'.split(',')'
2025-08-14 14:42:04 ERROR django.request log log_response 253 Internal Server Error: /accounts/audit/
Traceback (most recent call last):
  File "/mnt/e/projects/belstat/python/dictionaty_ai/frontend/venv/lib/python3.12/site-packages/django/core/handlers/exception.py", line 55, in inner
    response = get_response(request)
               ^^^^^^^^^^^^^^^^^^^^^
  File "/mnt/e/projects/belstat/python/dictionaty_ai/frontend/venv/lib/python3.12/site-packages/django/core/handlers/base.py", line 197, in _get_response
    response = wrapped_callback(request, *callback_args, **callback_kwargs)
               ^^^^^^^^^^^^^^^^^^^^^^^^^^^^^^^^^^^^^^^^^^^^^^^^^^^^^^^^^^^^
  File "/mnt/e/projects/belstat/python/dictionaty_ai/frontend/accounts/views.py", line 240, in audit_view
    return render(request, 'audit.html', context)
           ^^^^^^^^^^^^^^^^^^^^^^^^^^^^^^^^^^^^^^
  File "/mnt/e/projects/belstat/python/dictionaty_ai/frontend/venv/lib/python3.12/site-packages/django/shortcuts.py", line 25, in render
    content = loader.render_to_string(template_name, context, request, using=using)
              ^^^^^^^^^^^^^^^^^^^^^^^^^^^^^^^^^^^^^^^^^^^^^^^^^^^^^^^^^^^^^^^^^^^^^
  File "/mnt/e/projects/belstat/python/dictionaty_ai/frontend/venv/lib/python3.12/site-packages/django/template/loader.py", line 61, in render_to_string
    template = get_template(template_name, using=using)
               ^^^^^^^^^^^^^^^^^^^^^^^^^^^^^^^^^^^^^^^^
  File "/mnt/e/projects/belstat/python/dictionaty_ai/frontend/venv/lib/python3.12/site-packages/django/template/loader.py", line 15, in get_template
    return engine.get_template(template_name)
           ^^^^^^^^^^^^^^^^^^^^^^^^^^^^^^^^^^
  File "/mnt/e/projects/belstat/python/dictionaty_ai/frontend/venv/lib/python3.12/site-packages/django/template/backends/django.py", line 79, in get_template
    return Template(self.engine.get_template(template_name), self)
                    ^^^^^^^^^^^^^^^^^^^^^^^^^^^^^^^^^^^^^^^
  File "/mnt/e/projects/belstat/python/dictionaty_ai/frontend/venv/lib/python3.12/site-packages/django/template/engine.py", line 177, in get_template
    template, origin = self.find_template(template_name)
                       ^^^^^^^^^^^^^^^^^^^^^^^^^^^^^^^^^
  File "/mnt/e/projects/belstat/python/dictionaty_ai/frontend/venv/lib/python3.12/site-packages/django/template/engine.py", line 159, in find_template
    template = loader.get_template(name, skip=skip)
               ^^^^^^^^^^^^^^^^^^^^^^^^^^^^^^^^^^^^
  File "/mnt/e/projects/belstat/python/dictionaty_ai/frontend/venv/lib/python3.12/site-packages/django/template/loaders/cached.py", line 57, in get_template
    template = super().get_template(template_name, skip)
               ^^^^^^^^^^^^^^^^^^^^^^^^^^^^^^^^^^^^^^^^^
  File "/mnt/e/projects/belstat/python/dictionaty_ai/frontend/venv/lib/python3.12/site-packages/django/template/loaders/base.py", line 28, in get_template
    return Template(
           ^^^^^^^^^
  File "/mnt/e/projects/belstat/python/dictionaty_ai/frontend/venv/lib/python3.12/site-packages/django/template/base.py", line 154, in __init__
    self.nodelist = self.compile_nodelist()
                    ^^^^^^^^^^^^^^^^^^^^^^^
  File "/mnt/e/projects/belstat/python/dictionaty_ai/frontend/venv/lib/python3.12/site-packages/django/template/base.py", line 196, in compile_nodelist
    nodelist = parser.parse()
               ^^^^^^^^^^^^^^
  File "/mnt/e/projects/belstat/python/dictionaty_ai/frontend/venv/lib/python3.12/site-packages/django/template/base.py", line 518, in parse
    raise self.error(token, e)
  File "/mnt/e/projects/belstat/python/dictionaty_ai/frontend/venv/lib/python3.12/site-packages/django/template/base.py", line 516, in parse
    compiled_result = compile_func(self, token)
                      ^^^^^^^^^^^^^^^^^^^^^^^^^
  File "/mnt/e/projects/belstat/python/dictionaty_ai/frontend/venv/lib/python3.12/site-packages/django/template/loader_tags.py", line 299, in do_extends
    nodelist = parser.parse()
               ^^^^^^^^^^^^^^
  File "/mnt/e/projects/belstat/python/dictionaty_ai/frontend/venv/lib/python3.12/site-packages/django/template/base.py", line 518, in parse
    raise self.error(token, e)
  File "/mnt/e/projects/belstat/python/dictionaty_ai/frontend/venv/lib/python3.12/site-packages/django/template/base.py", line 516, in parse
    compiled_result = compile_func(self, token)
                      ^^^^^^^^^^^^^^^^^^^^^^^^^
  File "/mnt/e/projects/belstat/python/dictionaty_ai/frontend/venv/lib/python3.12/site-packages/django/template/loader_tags.py", line 234, in do_block
    nodelist = parser.parse(("endblock",))
               ^^^^^^^^^^^^^^^^^^^^^^^^^^^
  File "/mnt/e/projects/belstat/python/dictionaty_ai/frontend/venv/lib/python3.12/site-packages/django/template/base.py", line 518, in parse
    raise self.error(token, e)
  File "/mnt/e/projects/belstat/python/dictionaty_ai/frontend/venv/lib/python3.12/site-packages/django/template/base.py", line 516, in parse
    compiled_result = compile_func(self, token)
                      ^^^^^^^^^^^^^^^^^^^^^^^^^
  File "/mnt/e/projects/belstat/python/dictionaty_ai/frontend/venv/lib/python3.12/site-packages/django/template/defaulttags.py", line 861, in do_for
    sequence = parser.compile_filter(bits[in_index + 1])
               ^^^^^^^^^^^^^^^^^^^^^^^^^^^^^^^^^^^^^^^^^
  File "/mnt/e/projects/belstat/python/dictionaty_ai/frontend/venv/lib/python3.12/site-packages/django/template/base.py", line 609, in compile_filter
    return FilterExpression(token, self)
           ^^^^^^^^^^^^^^^^^^^^^^^^^^^^^
  File "/mnt/e/projects/belstat/python/dictionaty_ai/frontend/venv/lib/python3.12/site-packages/django/template/base.py", line 710, in __init__
    raise TemplateSyntaxError(
django.template.exceptions.TemplateSyntaxError: Could not parse the remainder: '.split(',')' from ''25,50,100,200'.split(',')'
2025-08-15 07:20:59 WARNING django.request log log_response 253 Bad Request: /accounts/login/
