INFO Watching for file changes with StatReloader
INFO "GET / HTTP/1.1" 200 52129
INFO "GET /dictionaries HTTP/1.1" 301 0
INFO "GET /dictionaries/ HTTP/1.1" 200 177577
INFO "GET /dictionaries/ HTTP/1.1" 200 177577
INFO "GET /dictionaries/ HTTP/1.1" 200 177904
INFO "GET /dictionaries/ HTTP/1.1" 200 187978
INFO "GET /analytics HTTP/1.1" 302 0
INFO "GET /accounts/login/ HTTP/1.1" 200 60143
INFO "POST /accounts/login/ HTTP/1.1" 200 162
INFO "GET / HTTP/1.1" 200 52129
INFO "GET /analytics HTTP/1.1" 301 0
INFO "GET /analytics/ HTTP/1.1" 200 46309
INFO "GET /export HTTP/1.1" 301 0
INFO "GET /export/ HTTP/1.1" 200 46290
INFO "GET /import HTTP/1.1" 301 0
INFO "GET /import/ HTTP/1.1" 200 46276
INFO "GET /import HTTP/1.1" 301 0
INFO "GET /import/ HTTP/1.1" 200 46276
INFO "GET /import HTTP/1.1" 301 0
INFO "GET /import/ HTTP/1.1" 200 46276
INFO "GET /dictionaries HTTP/1.1" 301 0
INFO "GET /dictionaries/ HTTP/1.1" 200 192367
INFO "GET /dictionaries/ HTTP/1.1" 200 208919
INFO "GET /static/css/main.css HTTP/1.1" 200 19477
INFO "GET /static/js/bootstrap.bundle.min.js HTTP/1.1" 200 80821
INFO "GET /static/css/bootstrap.min.css HTTP/1.1" 200 232018
INFO "GET /static/favicon.ico HTTP/1.1" 200 4286
